[1.581s] DEBUG:colcon:Command line arguments: ['/usr/bin/colcon', 'build']
[1.581s] DEBUG:colcon:Parsed command line arguments: Namespace(log_base=None, log_level=None, verb_name='build', build_base='build', install_base='install', merge_install=False, symlink_install=False, test_result_base=None, continue_on_error=False, executor='parallel', parallel_workers=4, event_handlers=None, ignore_user_meta=False, metas=['./colcon.meta'], base_paths=['.'], packages_ignore=None, packages_ignore_regex=None, paths=None, packages_up_to=None, packages_up_to_regex=None, packages_above=None, packages_above_and_dependencies=None, packages_above_depth=None, packages_select_by_dep=None, packages_skip_by_dep=None, packages_skip_up_to=None, packages_select_build_failed=False, packages_skip_build_finished=False, packages_select_test_failures=False, packages_skip_test_passed=False, packages_select=None, packages_skip=None, packages_select_regex=None, packages_skip_regex=None, packages_start=None, packages_end=None, allow_overriding=[], cmake_args=None, cmake_target=None, cmake_target_skip_unavailable=False, cmake_clean_cache=False, cmake_clean_first=False, cmake_force_configure=False, ament_cmake_args=None, catkin_cmake_args=None, catkin_skip_building_tests=False, verb_parser=<colcon_defaults.argument_parser.defaults.DefaultArgumentsDecorator object at 0xffff80e9f910>, verb_extension=<colcon_core.verb.build.BuildVerb object at 0xffff80e9f3a0>, main=<bound method BuildVerb.main of <colcon_core.verb.build.BuildVerb object at 0xffff80e9f3a0>>)
[1.687s] Level 1:colcon.colcon_core.package_discovery:discover_packages(colcon_meta) check parameters
[1.688s] Level 1:colcon.colcon_core.package_discovery:discover_packages(recursive) check parameters
[1.688s] Level 1:colcon.colcon_core.package_discovery:discover_packages(ignore) check parameters
[1.688s] Level 1:colcon.colcon_core.package_discovery:discover_packages(path) check parameters
[1.688s] Level 1:colcon.colcon_core.package_discovery:discover_packages(colcon_meta) discover
[1.688s] Level 1:colcon.colcon_core.package_discovery:discover_packages(recursive) discover
[1.689s] INFO:colcon.colcon_core.package_discovery:Crawling recursively for packages in '/home/sck2n21/robot_ws/heart_rate'
[1.689s] Level 1:colcon.colcon_core.package_identification:_identify(.) by extensions ['ignore', 'ignore_ament_install']
[1.689s] Level 1:colcon.colcon_core.package_identification:_identify(.) by extension 'ignore'
[1.690s] Level 1:colcon.colcon_core.package_identification:_identify(.) by extension 'ignore_ament_install'
[1.690s] Level 1:colcon.colcon_core.package_identification:_identify(.) by extensions ['colcon_pkg']
[1.690s] Level 1:colcon.colcon_core.package_identification:_identify(.) by extension 'colcon_pkg'
[1.690s] Level 1:colcon.colcon_core.package_identification:_identify(.) by extensions ['colcon_meta']
[1.690s] Level 1:colcon.colcon_core.package_identification:_identify(.) by extension 'colcon_meta'
[1.690s] Level 1:colcon.colcon_core.package_identification:_identify(.) by extensions ['ros']
[1.690s] Level 1:colcon.colcon_core.package_identification:_identify(.) by extension 'ros'
[1.737s] Level 1:colcon.colcon_core.package_identification:_identify(.) by extensions ['cmake', 'python']
[1.737s] Level 1:colcon.colcon_core.package_identification:_identify(.) by extension 'cmake'
[1.737s] Level 1:colcon.colcon_core.package_identification:_identify(.) by extension 'python'
[1.737s] Level 1:colcon.colcon_core.package_identification:_identify(.) by extensions ['python_setup_py']
[1.737s] Level 1:colcon.colcon_core.package_identification:_identify(.) by extension 'python_setup_py'
[1.738s] Level 1:colcon.colcon_core.package_identification:_identify(build) by extensions ['ignore', 'ignore_ament_install']
[1.738s] Level 1:colcon.colcon_core.package_identification:_identify(build) by extension 'ignore'
[1.738s] Level 1:colcon.colcon_core.package_identification:_identify(build) ignored
[1.739s] Level 1:colcon.colcon_core.package_identification:_identify(install) by extensions ['ignore', 'ignore_ament_install']
[1.739s] Level 1:colcon.colcon_core.package_identification:_identify(install) by extension 'ignore'
[1.740s] Level 1:colcon.colcon_core.package_identification:_identify(install) ignored
[1.740s] Level 1:colcon.colcon_core.package_identification:_identify(log) by extensions ['ignore', 'ignore_ament_install']
[1.740s] Level 1:colcon.colcon_core.package_identification:_identify(log) by extension 'ignore'
[1.741s] Level 1:colcon.colcon_core.package_identification:_identify(log) ignored
[1.741s] Level 1:colcon.colcon_core.package_identification:_identify(src) by extensions ['ignore', 'ignore_ament_install']
[1.741s] Level 1:colcon.colcon_core.package_identification:_identify(src) by extension 'ignore'
[1.741s] Level 1:colcon.colcon_core.package_identification:_identify(src) by extension 'ignore_ament_install'
[1.742s] Level 1:colcon.colcon_core.package_identification:_identify(src) by extensions ['colcon_pkg']
[1.742s] Level 1:colcon.colcon_core.package_identification:_identify(src) by extension 'colcon_pkg'
[1.742s] Level 1:colcon.colcon_core.package_identification:_identify(src) by extensions ['colcon_meta']
[1.742s] Level 1:colcon.colcon_core.package_identification:_identify(src) by extension 'colcon_meta'
[1.742s] Level 1:colcon.colcon_core.package_identification:_identify(src) by extensions ['ros']
[1.742s] Level 1:colcon.colcon_core.package_identification:_identify(src) by extension 'ros'
[1.743s] Level 1:colcon.colcon_core.package_identification:_identify(src) by extensions ['cmake', 'python']
[1.743s] Level 1:colcon.colcon_core.package_identification:_identify(src) by extension 'cmake'
[1.743s] Level 1:colcon.colcon_core.package_identification:_identify(src) by extension 'python'
[1.743s] Level 1:colcon.colcon_core.package_identification:_identify(src) by extensions ['python_setup_py']
[1.743s] Level 1:colcon.colcon_core.package_identification:_identify(src) by extension 'python_setup_py'
[1.744s] Level 1:colcon.colcon_core.package_identification:_identify(src/heart_rate_monitor) by extensions ['ignore', 'ignore_ament_install']
[1.744s] Level 1:colcon.colcon_core.package_identification:_identify(src/heart_rate_monitor) by extension 'ignore'
[1.744s] Level 1:colcon.colcon_core.package_identification:_identify(src/heart_rate_monitor) by extension 'ignore_ament_install'
[1.744s] Level 1:colcon.colcon_core.package_identification:_identify(src/heart_rate_monitor) by extensions ['colcon_pkg']
[1.745s] Level 1:colcon.colcon_core.package_identification:_identify(src/heart_rate_monitor) by extension 'colcon_pkg'
[1.745s] Level 1:colcon.colcon_core.package_identification:_identify(src/heart_rate_monitor) by extensions ['colcon_meta']
[1.745s] Level 1:colcon.colcon_core.package_identification:_identify(src/heart_rate_monitor) by extension 'colcon_meta'
[1.745s] Level 1:colcon.colcon_core.package_identification:_identify(src/heart_rate_monitor) by extensions ['ros']
[1.745s] Level 1:colcon.colcon_core.package_identification:_identify(src/heart_rate_monitor) by extension 'ros'
[1.758s] DEBUG:colcon.colcon_core.package_identification:Package 'src/heart_rate_monitor' with type 'ros.ament_python' and name 'heart_rate_monitor'
[1.759s] Level 1:colcon.colcon_core.package_discovery:discover_packages(recursive) using defaults
[1.759s] Level 1:colcon.colcon_core.package_discovery:discover_packages(ignore) discover
[1.759s] Level 1:colcon.colcon_core.package_discovery:discover_packages(ignore) using defaults
[1.759s] Level 1:colcon.colcon_core.package_discovery:discover_packages(path) discover
[1.759s] Level 1:colcon.colcon_core.package_discovery:discover_packages(path) using defaults
[1.852s] Level 1:colcon.colcon_core.package_discovery:discover_packages(prefix_path) check parameters
[1.852s] Level 1:colcon.colcon_core.package_discovery:discover_packages(prefix_path) discover
[1.866s] DEBUG:colcon.colcon_installed_package_information.package_discovery:Found 1 installed packages in /home/sck2n21/robot_ws/heart_rate/install
[1.877s] DEBUG:colcon.colcon_installed_package_information.package_discovery:Found 275 installed packages in /opt/ros/humble
[1.883s] Level 1:colcon.colcon_core.package_discovery:discover_packages(prefix_path) using defaults
[2.164s] Level 5:colcon.colcon_core.verb:set package 'heart_rate_monitor' build argument 'cmake_args' from command line to 'None'
[2.164s] Level 5:colcon.colcon_core.verb:set package 'heart_rate_monitor' build argument 'cmake_target' from command line to 'None'
[2.164s] Level 5:colcon.colcon_core.verb:set package 'heart_rate_monitor' build argument 'cmake_target_skip_unavailable' from command line to 'False'
[2.164s] Level 5:colcon.colcon_core.verb:set package 'heart_rate_monitor' build argument 'cmake_clean_cache' from command line to 'False'
[2.164s] Level 5:colcon.colcon_core.verb:set package 'heart_rate_monitor' build argument 'cmake_clean_first' from command line to 'False'
[2.164s] Level 5:colcon.colcon_core.verb:set package 'heart_rate_monitor' build argument 'cmake_force_configure' from command line to 'False'
[2.165s] Level 5:colcon.colcon_core.verb:set package 'heart_rate_monitor' build argument 'ament_cmake_args' from command line to 'None'
[2.165s] Level 5:colcon.colcon_core.verb:set package 'heart_rate_monitor' build argument 'catkin_cmake_args' from command line to 'None'
[2.165s] Level 5:colcon.colcon_core.verb:set package 'heart_rate_monitor' build argument 'catkin_skip_building_tests' from command line to 'False'
[2.165s] DEBUG:colcon.colcon_core.verb:Building package 'heart_rate_monitor' with the following arguments: {'ament_cmake_args': None, 'build_base': '/home/sck2n21/robot_ws/heart_rate/build/heart_rate_monitor', 'catkin_cmake_args': None, 'catkin_skip_building_tests': False, 'cmake_args': None, 'cmake_clean_cache': False, 'cmake_clean_first': False, 'cmake_force_configure': False, 'cmake_target': None, 'cmake_target_skip_unavailable': False, 'install_base': '/home/sck2n21/robot_ws/heart_rate/install/heart_rate_monitor', 'merge_install': False, 'path': '/home/sck2n21/robot_ws/heart_rate/src/heart_rate_monitor', 'symlink_install': False, 'test_result_base': None}
[2.168s] INFO:colcon.colcon_core.executor:Executing jobs using 'parallel' executor
[2.181s] DEBUG:colcon.colcon_parallel_executor.executor.parallel:run_until_complete
[2.182s] INFO:colcon.colcon_ros.task.ament_python.build:Building ROS package in '/home/sck2n21/robot_ws/heart_rate/src/heart_rate_monitor' with build type 'ament_python'
[2.183s] Level 1:colcon.colcon_core.shell:create_environment_hook('heart_rate_monitor', 'ament_prefix_path')
[2.201s] INFO:colcon.colcon_core.plugin_system:Skipping extension 'colcon_core.shell.bat': Not used on non-Windows systems
[2.202s] INFO:colcon.colcon_core.shell:Creating environment hook '/home/sck2n21/robot_ws/heart_rate/install/heart_rate_monitor/share/heart_rate_monitor/hook/ament_prefix_path.ps1'
[2.205s] INFO:colcon.colcon_core.shell:Creating environment descriptor '/home/sck2n21/robot_ws/heart_rate/install/heart_rate_monitor/share/heart_rate_monitor/hook/ament_prefix_path.dsv'
[2.206s] INFO:colcon.colcon_core.shell:Creating environment hook '/home/sck2n21/robot_ws/heart_rate/install/heart_rate_monitor/share/heart_rate_monitor/hook/ament_prefix_path.sh'
[2.214s] INFO:colcon.colcon_core.shell:Skip shell extension 'powershell' for command environment: Not usable outside of PowerShell
[2.214s] DEBUG:colcon.colcon_core.shell:Skip shell extension 'dsv' for command environment
[3.524s] INFO:colcon.colcon_core.task.python.build:Building Python package in '/home/sck2n21/robot_ws/heart_rate/src/heart_rate_monitor'
[3.529s] INFO:colcon.colcon_core.shell:Skip shell extension 'powershell' for command environment: Not usable outside of PowerShell
[3.529s] DEBUG:colcon.colcon_core.shell:Skip shell extension 'dsv' for command environment
[5.138s] DEBUG:colcon.colcon_core.event_handler.log_command:Invoking command in '/home/sck2n21/robot_ws/heart_rate/src/heart_rate_monitor': PYTHONPATH=/home/sck2n21/robot_ws/heart_rate/build/heart_rate_monitor/prefix_override:/home/sck2n21/robot_ws/heart_rate/install/heart_rate_monitor/lib/python3.10/site-packages:${PYTHONPATH} /usr/bin/python3 setup.py egg_info --egg-base ../../build/heart_rate_monitor build --build-base /home/sck2n21/robot_ws/heart_rate/build/heart_rate_monitor/build install --record /home/sck2n21/robot_ws/heart_rate/build/heart_rate_monitor/install.log --single-version-externally-managed
[6.567s] DEBUG:colcon.colcon_core.event_handler.log_command:Invoked command in '/home/sck2n21/robot_ws/heart_rate/src/heart_rate_monitor' returned '0': PYTHONPATH=/home/sck2n21/robot_ws/heart_rate/build/heart_rate_monitor/prefix_override:/home/sck2n21/robot_ws/heart_rate/install/heart_rate_monitor/lib/python3.10/site-packages:${PYTHONPATH} /usr/bin/python3 setup.py egg_info --egg-base ../../build/heart_rate_monitor build --build-base /home/sck2n21/robot_ws/heart_rate/build/heart_rate_monitor/build install --record /home/sck2n21/robot_ws/heart_rate/build/heart_rate_monitor/install.log --single-version-externally-managed
[6.588s] Level 1:colcon.colcon_core.environment:checking '/home/sck2n21/robot_ws/heart_rate/install/heart_rate_monitor' for CMake module files
[6.591s] Level 1:colcon.colcon_core.environment:checking '/home/sck2n21/robot_ws/heart_rate/install/heart_rate_monitor' for CMake config files
[6.594s] Level 1:colcon.colcon_core.environment:checking '/home/sck2n21/robot_ws/heart_rate/install/heart_rate_monitor/lib'
[6.595s] Level 1:colcon.colcon_core.environment:checking '/home/sck2n21/robot_ws/heart_rate/install/heart_rate_monitor/bin'
[6.595s] Level 1:colcon.colcon_core.environment:checking '/home/sck2n21/robot_ws/heart_rate/install/heart_rate_monitor/lib/pkgconfig/heart_rate_monitor.pc'
[6.596s] Level 1:colcon.colcon_core.environment:checking '/home/sck2n21/robot_ws/heart_rate/install/heart_rate_monitor/lib/python3.10/site-packages'
[6.597s] Level 1:colcon.colcon_core.shell:create_environment_hook('heart_rate_monitor', 'pythonpath')
[6.602s] INFO:colcon.colcon_core.shell:Creating environment hook '/home/sck2n21/robot_ws/heart_rate/install/heart_rate_monitor/share/heart_rate_monitor/hook/pythonpath.ps1'
[6.604s] INFO:colcon.colcon_core.shell:Creating environment descriptor '/home/sck2n21/robot_ws/heart_rate/install/heart_rate_monitor/share/heart_rate_monitor/hook/pythonpath.dsv'
[6.605s] INFO:colcon.colcon_core.shell:Creating environment hook '/home/sck2n21/robot_ws/heart_rate/install/heart_rate_monitor/share/heart_rate_monitor/hook/pythonpath.sh'
[6.608s] Level 1:colcon.colcon_core.environment:checking '/home/sck2n21/robot_ws/heart_rate/install/heart_rate_monitor/bin'
[6.608s] Level 1:colcon.colcon_core.environment:create_environment_scripts_only(heart_rate_monitor)
[6.613s] INFO:colcon.colcon_core.shell:Creating package script '/home/sck2n21/robot_ws/heart_rate/install/heart_rate_monitor/share/heart_rate_monitor/package.ps1'
[6.617s] INFO:colcon.colcon_core.shell:Creating package descriptor '/home/sck2n21/robot_ws/heart_rate/install/heart_rate_monitor/share/heart_rate_monitor/package.dsv'
[6.620s] INFO:colcon.colcon_core.shell:Creating package script '/home/sck2n21/robot_ws/heart_rate/install/heart_rate_monitor/share/heart_rate_monitor/package.sh'
[6.623s] INFO:colcon.colcon_core.shell:Creating package script '/home/sck2n21/robot_ws/heart_rate/install/heart_rate_monitor/share/heart_rate_monitor/package.bash'
[6.628s] INFO:colcon.colcon_core.shell:Creating package script '/home/sck2n21/robot_ws/heart_rate/install/heart_rate_monitor/share/heart_rate_monitor/package.zsh'
[6.631s] Level 1:colcon.colcon_core.environment:create_file_with_runtime_dependencies(/home/sck2n21/robot_ws/heart_rate/install/heart_rate_monitor/share/colcon-core/packages/heart_rate_monitor)
[6.633s] DEBUG:colcon.colcon_parallel_executor.executor.parallel:closing loop
[6.634s] DEBUG:colcon.colcon_parallel_executor.executor.parallel:loop closed
[6.635s] DEBUG:colcon.colcon_parallel_executor.executor.parallel:run_until_complete finished with '0'
[6.635s] DEBUG:colcon.colcon_core.event_reactor:joining thread
[6.658s] INFO:colcon.colcon_core.plugin_system:Skipping extension 'colcon_notification.desktop_notification.terminal_notifier': Not used on non-Darwin systems
[6.658s] INFO:colcon.colcon_core.plugin_system:Skipping extension 'colcon_notification.desktop_notification.win32': Not used on non-Windows systems
[6.659s] INFO:colcon.colcon_notification.desktop_notification:Sending desktop notification using 'notify2'
[6.716s] DEBUG:colcon.colcon_core.event_reactor:joined thread
[6.724s] INFO:colcon.colcon_core.shell:Creating prefix script '/home/sck2n21/robot_ws/heart_rate/install/local_setup.ps1'
[6.728s] INFO:colcon.colcon_core.shell:Creating prefix util module '/home/sck2n21/robot_ws/heart_rate/install/_local_setup_util_ps1.py'
[6.737s] INFO:colcon.colcon_core.shell:Creating prefix chain script '/home/sck2n21/robot_ws/heart_rate/install/setup.ps1'
[6.747s] INFO:colcon.colcon_core.shell:Creating prefix script '/home/sck2n21/robot_ws/heart_rate/install/local_setup.sh'
[6.751s] INFO:colcon.colcon_core.shell:Creating prefix util module '/home/sck2n21/robot_ws/heart_rate/install/_local_setup_util_sh.py'
[6.756s] INFO:colcon.colcon_core.shell:Creating prefix chain script '/home/sck2n21/robot_ws/heart_rate/install/setup.sh'
[6.768s] INFO:colcon.colcon_core.shell:Creating prefix script '/home/sck2n21/robot_ws/heart_rate/install/local_setup.bash'
[6.772s] INFO:colcon.colcon_core.shell:Creating prefix chain script '/home/sck2n21/robot_ws/heart_rate/install/setup.bash'
[6.779s] INFO:colcon.colcon_core.shell:Creating prefix script '/home/sck2n21/robot_ws/heart_rate/install/local_setup.zsh'
[6.782s] INFO:colcon.colcon_core.shell:Creating prefix chain script '/home/sck2n21/robot_ws/heart_rate/install/setup.zsh'
