[3.068s] Invoking command in '/home/sck2n21/robot_ws/heart_rate/src/heart_rate_monitor': PYTHONPATH=/home/sck2n21/robot_ws/heart_rate/build/heart_rate_monitor/prefix_override:/home/sck2n21/robot_ws/heart_rate/install/heart_rate_monitor/lib/python3.10/site-packages:${PYTHONPATH} /usr/bin/python3 setup.py egg_info --egg-base ../../build/heart_rate_monitor build --build-base /home/sck2n21/robot_ws/heart_rate/build/heart_rate_monitor/build install --record /home/sck2n21/robot_ws/heart_rate/build/heart_rate_monitor/install.log --single-version-externally-managed
[4.756s] running egg_info
[4.761s] writing ../../build/heart_rate_monitor/heart_rate_monitor.egg-info/PKG-INFO
[4.763s] writing dependency_links to ../../build/heart_rate_monitor/heart_rate_monitor.egg-info/dependency_links.txt
[4.764s] writing entry points to ../../build/heart_rate_monitor/heart_rate_monitor.egg-info/entry_points.txt
[4.765s] writing requirements to ../../build/heart_rate_monitor/heart_rate_monitor.egg-info/requires.txt
[4.766s] writing top-level names to ../../build/heart_rate_monitor/heart_rate_monitor.egg-info/top_level.txt
[4.778s] reading manifest file '../../build/heart_rate_monitor/heart_rate_monitor.egg-info/SOURCES.txt'
[4.789s] writing manifest file '../../build/heart_rate_monitor/heart_rate_monitor.egg-info/SOURCES.txt'
[4.792s] running build
[4.794s] running build_py
[4.801s] copying heart_rate_monitor/heart_rate_monitor_node.py -> /home/sck2n21/robot_ws/heart_rate/build/heart_rate_monitor/build/lib/heart_rate_monitor
[4.803s] running install
[4.804s] running install_lib
[4.805s] copying /home/sck2n21/robot_ws/heart_rate/build/heart_rate_monitor/build/lib/heart_rate_monitor/heart_rate_monitor_node.py -> /home/sck2n21/robot_ws/heart_rate/install/heart_rate_monitor/lib/python3.10/site-packages/heart_rate_monitor
[4.809s] byte-compiling /home/sck2n21/robot_ws/heart_rate/install/heart_rate_monitor/lib/python3.10/site-packages/heart_rate_monitor/heart_rate_monitor_node.py to heart_rate_monitor_node.cpython-310.pyc
[4.812s] running install_data
[4.818s] running install_egg_info
[4.831s] removing '/home/sck2n21/robot_ws/heart_rate/install/heart_rate_monitor/lib/python3.10/site-packages/heart_rate_monitor-0.0.0-py3.10.egg-info' (and everything under it)
[4.833s] Copying ../../build/heart_rate_monitor/heart_rate_monitor.egg-info to /home/sck2n21/robot_ws/heart_rate/install/heart_rate_monitor/lib/python3.10/site-packages/heart_rate_monitor-0.0.0-py3.10.egg-info
[4.839s] running install_scripts
[4.953s] Installing heart_rate script to /home/sck2n21/robot_ws/heart_rate/install/heart_rate_monitor/lib/heart_rate_monitor
[4.957s] writing list of installed files to '/home/sck2n21/robot_ws/heart_rate/build/heart_rate_monitor/install.log'
[5.147s] Invoked command in '/home/sck2n21/robot_ws/heart_rate/src/heart_rate_monitor' returned '0': PYTHONPATH=/home/sck2n21/robot_ws/heart_rate/build/heart_rate_monitor/prefix_override:/home/sck2n21/robot_ws/heart_rate/install/heart_rate_monitor/lib/python3.10/site-packages:${PYTHONPATH} /usr/bin/python3 setup.py egg_info --egg-base ../../build/heart_rate_monitor build --build-base /home/sck2n21/robot_ws/heart_rate/build/heart_rate_monitor/build install --record /home/sck2n21/robot_ws/heart_rate/build/heart_rate_monitor/install.log --single-version-externally-managed
