running egg_info
creating ../../build/heart_rate_monitor/heart_rate_monitor.egg-info
writing ../../build/heart_rate_monitor/heart_rate_monitor.egg-info/PKG-INFO
writing dependency_links to ../../build/heart_rate_monitor/heart_rate_monitor.egg-info/dependency_links.txt
writing entry points to ../../build/heart_rate_monitor/heart_rate_monitor.egg-info/entry_points.txt
writing requirements to ../../build/heart_rate_monitor/heart_rate_monitor.egg-info/requires.txt
writing top-level names to ../../build/heart_rate_monitor/heart_rate_monitor.egg-info/top_level.txt
writing manifest file '../../build/heart_rate_monitor/heart_rate_monitor.egg-info/SOURCES.txt'
reading manifest file '../../build/heart_rate_monitor/heart_rate_monitor.egg-info/SOURCES.txt'
writing manifest file '../../build/heart_rate_monitor/heart_rate_monitor.egg-info/SOURCES.txt'
running build
running build_py
creating /home/sck2n21/robot_ws/heart_rate/build/heart_rate_monitor/build
creating /home/sck2n21/robot_ws/heart_rate/build/heart_rate_monitor/build/lib
creating /home/sck2n21/robot_ws/heart_rate/build/heart_rate_monitor/build/lib/heart_rate_monitor
copying heart_rate_monitor/heart_rate_monitor_node.py -> /home/sck2n21/robot_ws/heart_rate/build/heart_rate_monitor/build/lib/heart_rate_monitor
copying heart_rate_monitor/__init__.py -> /home/sck2n21/robot_ws/heart_rate/build/heart_rate_monitor/build/lib/heart_rate_monitor
running install
running install_lib
creating /home/sck2n21/robot_ws/heart_rate/install/heart_rate_monitor/lib/python3.10/site-packages/heart_rate_monitor
copying /home/sck2n21/robot_ws/heart_rate/build/heart_rate_monitor/build/lib/heart_rate_monitor/heart_rate_monitor_node.py -> /home/sck2n21/robot_ws/heart_rate/install/heart_rate_monitor/lib/python3.10/site-packages/heart_rate_monitor
copying /home/sck2n21/robot_ws/heart_rate/build/heart_rate_monitor/build/lib/heart_rate_monitor/__init__.py -> /home/sck2n21/robot_ws/heart_rate/install/heart_rate_monitor/lib/python3.10/site-packages/heart_rate_monitor
byte-compiling /home/sck2n21/robot_ws/heart_rate/install/heart_rate_monitor/lib/python3.10/site-packages/heart_rate_monitor/heart_rate_monitor_node.py to heart_rate_monitor_node.cpython-310.pyc
byte-compiling /home/sck2n21/robot_ws/heart_rate/install/heart_rate_monitor/lib/python3.10/site-packages/heart_rate_monitor/__init__.py to __init__.cpython-310.pyc
running install_data
creating /home/sck2n21/robot_ws/heart_rate/install/heart_rate_monitor/share/ament_index
creating /home/sck2n21/robot_ws/heart_rate/install/heart_rate_monitor/share/ament_index/resource_index
creating /home/sck2n21/robot_ws/heart_rate/install/heart_rate_monitor/share/ament_index/resource_index/packages
copying resource/heart_rate_monitor -> /home/sck2n21/robot_ws/heart_rate/install/heart_rate_monitor/share/ament_index/resource_index/packages
copying package.xml -> /home/sck2n21/robot_ws/heart_rate/install/heart_rate_monitor/share/heart_rate_monitor
running install_egg_info
Copying ../../build/heart_rate_monitor/heart_rate_monitor.egg-info to /home/sck2n21/robot_ws/heart_rate/install/heart_rate_monitor/lib/python3.10/site-packages/heart_rate_monitor-0.0.0-py3.10.egg-info
running install_scripts
Installing heart_rate script to /home/sck2n21/robot_ws/heart_rate/install/heart_rate_monitor/lib/heart_rate_monitor
writing list of installed files to '/home/sck2n21/robot_ws/heart_rate/build/heart_rate_monitor/install.log'
