[1.729s] DEBUG:colcon:Command line arguments: ['/usr/bin/colcon', 'build']
[1.729s] DEBUG:colcon:Parsed command line arguments: Namespace(log_base=None, log_level=None, verb_name='build', build_base='build', install_base='install', merge_install=False, symlink_install=False, test_result_base=None, continue_on_error=False, executor='parallel', parallel_workers=4, event_handlers=None, ignore_user_meta=False, metas=['./colcon.meta'], base_paths=['.'], packages_ignore=None, packages_ignore_regex=None, paths=None, packages_up_to=None, packages_up_to_regex=None, packages_above=None, packages_above_and_dependencies=None, packages_above_depth=None, packages_select_by_dep=None, packages_skip_by_dep=None, packages_skip_up_to=None, packages_select_build_failed=False, packages_skip_build_finished=False, packages_select_test_failures=False, packages_skip_test_passed=False, packages_select=None, packages_skip=None, packages_select_regex=None, packages_skip_regex=None, packages_start=None, packages_end=None, allow_overriding=[], cmake_args=None, cmake_target=None, cmake_target_skip_unavailable=False, cmake_clean_cache=False, cmake_clean_first=False, cmake_force_configure=False, ament_cmake_args=None, catkin_cmake_args=None, catkin_skip_building_tests=False, verb_parser=<colcon_defaults.argument_parser.defaults.DefaultArgumentsDecorator object at 0xffffb1cdff70>, verb_extension=<colcon_core.verb.build.BuildVerb object at 0xffffb1cdfa00>, main=<bound method BuildVerb.main of <colcon_core.verb.build.BuildVerb object at 0xffffb1cdfa00>>)
[1.841s] Level 1:colcon.colcon_core.package_discovery:discover_packages(colcon_meta) check parameters
[1.841s] Level 1:colcon.colcon_core.package_discovery:discover_packages(recursive) check parameters
[1.841s] Level 1:colcon.colcon_core.package_discovery:discover_packages(ignore) check parameters
[1.841s] Level 1:colcon.colcon_core.package_discovery:discover_packages(path) check parameters
[1.841s] Level 1:colcon.colcon_core.package_discovery:discover_packages(colcon_meta) discover
[1.842s] Level 1:colcon.colcon_core.package_discovery:discover_packages(recursive) discover
[1.842s] INFO:colcon.colcon_core.package_discovery:Crawling recursively for packages in '/home/sck2n21/robot_ws/heart_rate'
[1.842s] Level 1:colcon.colcon_core.package_identification:_identify(.) by extensions ['ignore', 'ignore_ament_install']
[1.843s] Level 1:colcon.colcon_core.package_identification:_identify(.) by extension 'ignore'
[1.843s] Level 1:colcon.colcon_core.package_identification:_identify(.) by extension 'ignore_ament_install'
[1.843s] Level 1:colcon.colcon_core.package_identification:_identify(.) by extensions ['colcon_pkg']
[1.843s] Level 1:colcon.colcon_core.package_identification:_identify(.) by extension 'colcon_pkg'
[1.843s] Level 1:colcon.colcon_core.package_identification:_identify(.) by extensions ['colcon_meta']
[1.843s] Level 1:colcon.colcon_core.package_identification:_identify(.) by extension 'colcon_meta'
[1.844s] Level 1:colcon.colcon_core.package_identification:_identify(.) by extensions ['ros']
[1.844s] Level 1:colcon.colcon_core.package_identification:_identify(.) by extension 'ros'
[1.890s] Level 1:colcon.colcon_core.package_identification:_identify(.) by extensions ['cmake', 'python']
[1.891s] Level 1:colcon.colcon_core.package_identification:_identify(.) by extension 'cmake'
[1.891s] Level 1:colcon.colcon_core.package_identification:_identify(.) by extension 'python'
[1.891s] Level 1:colcon.colcon_core.package_identification:_identify(.) by extensions ['python_setup_py']
[1.891s] Level 1:colcon.colcon_core.package_identification:_identify(.) by extension 'python_setup_py'
[1.892s] Level 1:colcon.colcon_core.package_identification:_identify(build) by extensions ['ignore', 'ignore_ament_install']
[1.892s] Level 1:colcon.colcon_core.package_identification:_identify(build) by extension 'ignore'
[1.892s] Level 1:colcon.colcon_core.package_identification:_identify(build) ignored
[1.893s] Level 1:colcon.colcon_core.package_identification:_identify(install) by extensions ['ignore', 'ignore_ament_install']
[1.893s] Level 1:colcon.colcon_core.package_identification:_identify(install) by extension 'ignore'
[1.893s] Level 1:colcon.colcon_core.package_identification:_identify(install) ignored
[1.894s] Level 1:colcon.colcon_core.package_identification:_identify(log) by extensions ['ignore', 'ignore_ament_install']
[1.894s] Level 1:colcon.colcon_core.package_identification:_identify(log) by extension 'ignore'
[1.894s] Level 1:colcon.colcon_core.package_identification:_identify(log) ignored
[1.895s] Level 1:colcon.colcon_core.package_identification:_identify(src) by extensions ['ignore', 'ignore_ament_install']
[1.895s] Level 1:colcon.colcon_core.package_identification:_identify(src) by extension 'ignore'
[1.895s] Level 1:colcon.colcon_core.package_identification:_identify(src) by extension 'ignore_ament_install'
[1.895s] Level 1:colcon.colcon_core.package_identification:_identify(src) by extensions ['colcon_pkg']
[1.896s] Level 1:colcon.colcon_core.package_identification:_identify(src) by extension 'colcon_pkg'
[1.896s] Level 1:colcon.colcon_core.package_identification:_identify(src) by extensions ['colcon_meta']
[1.896s] Level 1:colcon.colcon_core.package_identification:_identify(src) by extension 'colcon_meta'
[1.896s] Level 1:colcon.colcon_core.package_identification:_identify(src) by extensions ['ros']
[1.896s] Level 1:colcon.colcon_core.package_identification:_identify(src) by extension 'ros'
[1.897s] Level 1:colcon.colcon_core.package_identification:_identify(src) by extensions ['cmake', 'python']
[1.897s] Level 1:colcon.colcon_core.package_identification:_identify(src) by extension 'cmake'
[1.897s] Level 1:colcon.colcon_core.package_identification:_identify(src) by extension 'python'
[1.897s] Level 1:colcon.colcon_core.package_identification:_identify(src) by extensions ['python_setup_py']
[1.897s] Level 1:colcon.colcon_core.package_identification:_identify(src) by extension 'python_setup_py'
[1.898s] Level 1:colcon.colcon_core.package_identification:_identify(src/heart_rate_monitor) by extensions ['ignore', 'ignore_ament_install']
[1.898s] Level 1:colcon.colcon_core.package_identification:_identify(src/heart_rate_monitor) by extension 'ignore'
[1.898s] Level 1:colcon.colcon_core.package_identification:_identify(src/heart_rate_monitor) by extension 'ignore_ament_install'
[1.898s] Level 1:colcon.colcon_core.package_identification:_identify(src/heart_rate_monitor) by extensions ['colcon_pkg']
[1.899s] Level 1:colcon.colcon_core.package_identification:_identify(src/heart_rate_monitor) by extension 'colcon_pkg'
[1.899s] Level 1:colcon.colcon_core.package_identification:_identify(src/heart_rate_monitor) by extensions ['colcon_meta']
[1.899s] Level 1:colcon.colcon_core.package_identification:_identify(src/heart_rate_monitor) by extension 'colcon_meta'
[1.899s] Level 1:colcon.colcon_core.package_identification:_identify(src/heart_rate_monitor) by extensions ['ros']
[1.899s] Level 1:colcon.colcon_core.package_identification:_identify(src/heart_rate_monitor) by extension 'ros'
[1.912s] DEBUG:colcon.colcon_core.package_identification:Package 'src/heart_rate_monitor' with type 'ros.ament_python' and name 'heart_rate_monitor'
[1.913s] Level 1:colcon.colcon_core.package_discovery:discover_packages(recursive) using defaults
[1.913s] Level 1:colcon.colcon_core.package_discovery:discover_packages(ignore) discover
[1.913s] Level 1:colcon.colcon_core.package_discovery:discover_packages(ignore) using defaults
[1.913s] Level 1:colcon.colcon_core.package_discovery:discover_packages(path) discover
[1.913s] Level 1:colcon.colcon_core.package_discovery:discover_packages(path) using defaults
[2.007s] Level 1:colcon.colcon_core.package_discovery:discover_packages(prefix_path) check parameters
[2.007s] Level 1:colcon.colcon_core.package_discovery:discover_packages(prefix_path) discover
[2.019s] DEBUG:colcon.colcon_installed_package_information.package_discovery:Found 1 installed packages in /home/sck2n21/robot_ws/heart_rate/install
[2.030s] DEBUG:colcon.colcon_installed_package_information.package_discovery:Found 275 installed packages in /opt/ros/humble
[2.037s] Level 1:colcon.colcon_core.package_discovery:discover_packages(prefix_path) using defaults
[2.333s] Level 5:colcon.colcon_core.verb:set package 'heart_rate_monitor' build argument 'cmake_args' from command line to 'None'
[2.333s] Level 5:colcon.colcon_core.verb:set package 'heart_rate_monitor' build argument 'cmake_target' from command line to 'None'
[2.333s] Level 5:colcon.colcon_core.verb:set package 'heart_rate_monitor' build argument 'cmake_target_skip_unavailable' from command line to 'False'
[2.333s] Level 5:colcon.colcon_core.verb:set package 'heart_rate_monitor' build argument 'cmake_clean_cache' from command line to 'False'
[2.333s] Level 5:colcon.colcon_core.verb:set package 'heart_rate_monitor' build argument 'cmake_clean_first' from command line to 'False'
[2.334s] Level 5:colcon.colcon_core.verb:set package 'heart_rate_monitor' build argument 'cmake_force_configure' from command line to 'False'
[2.334s] Level 5:colcon.colcon_core.verb:set package 'heart_rate_monitor' build argument 'ament_cmake_args' from command line to 'None'
[2.334s] Level 5:colcon.colcon_core.verb:set package 'heart_rate_monitor' build argument 'catkin_cmake_args' from command line to 'None'
[2.334s] Level 5:colcon.colcon_core.verb:set package 'heart_rate_monitor' build argument 'catkin_skip_building_tests' from command line to 'False'
[2.334s] DEBUG:colcon.colcon_core.verb:Building package 'heart_rate_monitor' with the following arguments: {'ament_cmake_args': None, 'build_base': '/home/sck2n21/robot_ws/heart_rate/build/heart_rate_monitor', 'catkin_cmake_args': None, 'catkin_skip_building_tests': False, 'cmake_args': None, 'cmake_clean_cache': False, 'cmake_clean_first': False, 'cmake_force_configure': False, 'cmake_target': None, 'cmake_target_skip_unavailable': False, 'install_base': '/home/sck2n21/robot_ws/heart_rate/install/heart_rate_monitor', 'merge_install': False, 'path': '/home/sck2n21/robot_ws/heart_rate/src/heart_rate_monitor', 'symlink_install': False, 'test_result_base': None}
[2.337s] INFO:colcon.colcon_core.executor:Executing jobs using 'parallel' executor
[2.349s] DEBUG:colcon.colcon_parallel_executor.executor.parallel:run_until_complete
[2.350s] INFO:colcon.colcon_ros.task.ament_python.build:Building ROS package in '/home/sck2n21/robot_ws/heart_rate/src/heart_rate_monitor' with build type 'ament_python'
[2.351s] Level 1:colcon.colcon_core.shell:create_environment_hook('heart_rate_monitor', 'ament_prefix_path')
[2.370s] INFO:colcon.colcon_core.plugin_system:Skipping extension 'colcon_core.shell.bat': Not used on non-Windows systems
[2.371s] INFO:colcon.colcon_core.shell:Creating environment hook '/home/sck2n21/robot_ws/heart_rate/install/heart_rate_monitor/share/heart_rate_monitor/hook/ament_prefix_path.ps1'
[2.373s] INFO:colcon.colcon_core.shell:Creating environment descriptor '/home/sck2n21/robot_ws/heart_rate/install/heart_rate_monitor/share/heart_rate_monitor/hook/ament_prefix_path.dsv'
[2.375s] INFO:colcon.colcon_core.shell:Creating environment hook '/home/sck2n21/robot_ws/heart_rate/install/heart_rate_monitor/share/heart_rate_monitor/hook/ament_prefix_path.sh'
[2.383s] INFO:colcon.colcon_core.shell:Skip shell extension 'powershell' for command environment: Not usable outside of PowerShell
[2.383s] DEBUG:colcon.colcon_core.shell:Skip shell extension 'dsv' for command environment
[3.732s] INFO:colcon.colcon_core.task.python.build:Building Python package in '/home/sck2n21/robot_ws/heart_rate/src/heart_rate_monitor'
[3.738s] INFO:colcon.colcon_core.shell:Skip shell extension 'powershell' for command environment: Not usable outside of PowerShell
[3.738s] DEBUG:colcon.colcon_core.shell:Skip shell extension 'dsv' for command environment
[5.393s] DEBUG:colcon.colcon_core.event_handler.log_command:Invoking command in '/home/sck2n21/robot_ws/heart_rate/src/heart_rate_monitor': PYTHONPATH=/home/sck2n21/robot_ws/heart_rate/build/heart_rate_monitor/prefix_override:/home/sck2n21/robot_ws/heart_rate/install/heart_rate_monitor/lib/python3.10/site-packages:${PYTHONPATH} /usr/bin/python3 setup.py egg_info --egg-base ../../build/heart_rate_monitor build --build-base /home/sck2n21/robot_ws/heart_rate/build/heart_rate_monitor/build install --record /home/sck2n21/robot_ws/heart_rate/build/heart_rate_monitor/install.log --single-version-externally-managed
[7.042s] DEBUG:colcon.colcon_core.event_handler.log_command:Invoked command in '/home/sck2n21/robot_ws/heart_rate/src/heart_rate_monitor' returned '0': PYTHONPATH=/home/sck2n21/robot_ws/heart_rate/build/heart_rate_monitor/prefix_override:/home/sck2n21/robot_ws/heart_rate/install/heart_rate_monitor/lib/python3.10/site-packages:${PYTHONPATH} /usr/bin/python3 setup.py egg_info --egg-base ../../build/heart_rate_monitor build --build-base /home/sck2n21/robot_ws/heart_rate/build/heart_rate_monitor/build install --record /home/sck2n21/robot_ws/heart_rate/build/heart_rate_monitor/install.log --single-version-externally-managed
[7.064s] Level 1:colcon.colcon_core.environment:checking '/home/sck2n21/robot_ws/heart_rate/install/heart_rate_monitor' for CMake module files
[7.067s] Level 1:colcon.colcon_core.environment:checking '/home/sck2n21/robot_ws/heart_rate/install/heart_rate_monitor' for CMake config files
[7.070s] Level 1:colcon.colcon_core.environment:checking '/home/sck2n21/robot_ws/heart_rate/install/heart_rate_monitor/lib'
[7.071s] Level 1:colcon.colcon_core.environment:checking '/home/sck2n21/robot_ws/heart_rate/install/heart_rate_monitor/bin'
[7.071s] Level 1:colcon.colcon_core.environment:checking '/home/sck2n21/robot_ws/heart_rate/install/heart_rate_monitor/lib/pkgconfig/heart_rate_monitor.pc'
[7.072s] Level 1:colcon.colcon_core.environment:checking '/home/sck2n21/robot_ws/heart_rate/install/heart_rate_monitor/lib/python3.10/site-packages'
[7.073s] Level 1:colcon.colcon_core.shell:create_environment_hook('heart_rate_monitor', 'pythonpath')
[7.078s] INFO:colcon.colcon_core.shell:Creating environment hook '/home/sck2n21/robot_ws/heart_rate/install/heart_rate_monitor/share/heart_rate_monitor/hook/pythonpath.ps1'
[7.080s] INFO:colcon.colcon_core.shell:Creating environment descriptor '/home/sck2n21/robot_ws/heart_rate/install/heart_rate_monitor/share/heart_rate_monitor/hook/pythonpath.dsv'
[7.082s] INFO:colcon.colcon_core.shell:Creating environment hook '/home/sck2n21/robot_ws/heart_rate/install/heart_rate_monitor/share/heart_rate_monitor/hook/pythonpath.sh'
[7.084s] Level 1:colcon.colcon_core.environment:checking '/home/sck2n21/robot_ws/heart_rate/install/heart_rate_monitor/bin'
[7.084s] Level 1:colcon.colcon_core.environment:create_environment_scripts_only(heart_rate_monitor)
[7.090s] INFO:colcon.colcon_core.shell:Creating package script '/home/sck2n21/robot_ws/heart_rate/install/heart_rate_monitor/share/heart_rate_monitor/package.ps1'
[7.094s] INFO:colcon.colcon_core.shell:Creating package descriptor '/home/sck2n21/robot_ws/heart_rate/install/heart_rate_monitor/share/heart_rate_monitor/package.dsv'
[7.097s] INFO:colcon.colcon_core.shell:Creating package script '/home/sck2n21/robot_ws/heart_rate/install/heart_rate_monitor/share/heart_rate_monitor/package.sh'
[7.100s] INFO:colcon.colcon_core.shell:Creating package script '/home/sck2n21/robot_ws/heart_rate/install/heart_rate_monitor/share/heart_rate_monitor/package.bash'
[7.105s] INFO:colcon.colcon_core.shell:Creating package script '/home/sck2n21/robot_ws/heart_rate/install/heart_rate_monitor/share/heart_rate_monitor/package.zsh'
[7.108s] Level 1:colcon.colcon_core.environment:create_file_with_runtime_dependencies(/home/sck2n21/robot_ws/heart_rate/install/heart_rate_monitor/share/colcon-core/packages/heart_rate_monitor)
[7.110s] DEBUG:colcon.colcon_parallel_executor.executor.parallel:closing loop
[7.111s] DEBUG:colcon.colcon_parallel_executor.executor.parallel:loop closed
[7.111s] DEBUG:colcon.colcon_parallel_executor.executor.parallel:run_until_complete finished with '0'
[7.111s] DEBUG:colcon.colcon_core.event_reactor:joining thread
[7.135s] INFO:colcon.colcon_core.plugin_system:Skipping extension 'colcon_notification.desktop_notification.terminal_notifier': Not used on non-Darwin systems
[7.135s] INFO:colcon.colcon_core.plugin_system:Skipping extension 'colcon_notification.desktop_notification.win32': Not used on non-Windows systems
[7.135s] INFO:colcon.colcon_notification.desktop_notification:Sending desktop notification using 'notify2'
[7.192s] DEBUG:colcon.colcon_core.event_reactor:joined thread
[7.199s] INFO:colcon.colcon_core.shell:Creating prefix script '/home/sck2n21/robot_ws/heart_rate/install/local_setup.ps1'
[7.205s] INFO:colcon.colcon_core.shell:Creating prefix util module '/home/sck2n21/robot_ws/heart_rate/install/_local_setup_util_ps1.py'
[7.213s] INFO:colcon.colcon_core.shell:Creating prefix chain script '/home/sck2n21/robot_ws/heart_rate/install/setup.ps1'
[7.223s] INFO:colcon.colcon_core.shell:Creating prefix script '/home/sck2n21/robot_ws/heart_rate/install/local_setup.sh'
[7.227s] INFO:colcon.colcon_core.shell:Creating prefix util module '/home/sck2n21/robot_ws/heart_rate/install/_local_setup_util_sh.py'
[7.235s] INFO:colcon.colcon_core.shell:Creating prefix chain script '/home/sck2n21/robot_ws/heart_rate/install/setup.sh'
[7.244s] INFO:colcon.colcon_core.shell:Creating prefix script '/home/sck2n21/robot_ws/heart_rate/install/local_setup.bash'
[7.248s] INFO:colcon.colcon_core.shell:Creating prefix chain script '/home/sck2n21/robot_ws/heart_rate/install/setup.bash'
[7.257s] INFO:colcon.colcon_core.shell:Creating prefix script '/home/sck2n21/robot_ws/heart_rate/install/local_setup.zsh'
[7.262s] INFO:colcon.colcon_core.shell:Creating prefix chain script '/home/sck2n21/robot_ws/heart_rate/install/setup.zsh'
